16:32:10.385 [main] INFO  testCases.TC_002_LoginTest - Click on login button...
16:32:10.414 [main] INFO  testCases.TC_002_LoginTest - Login test passed..
16:32:10.414 [main] INFO  testCases.TC_002_LoginTest - ***Finished TC_002_LoginTest***
16:33:54.210 [main] DEBUG org.testng.TestNG - suiteXmlPath: "C:\Users\lkace\PavanJavaCourse\opencart\master.xml"
16:33:56.388 [main] INFO  testCases.TC_001_AccountRegistrationTest - *****starting TC_001_AccountRegistrationTest  *****
16:33:56.388 [main] DEBUG testCases.TC_001_AccountRegistrationTest - application logs...
16:33:56.719 [main] INFO  testCases.TC_001_AccountRegistrationTest - Clicked on MyAccount link
16:33:57.037 [main] INFO  testCases.TC_001_AccountRegistrationTest - Clicked on registartion link
16:33:57.037 [main] INFO  testCases.TC_001_AccountRegistrationTest - Entering customer details..
16:33:59.812 [main] INFO  testCases.TC_001_AccountRegistrationTest - Clicked on continue
16:33:59.835 [main] INFO  testCases.TC_001_AccountRegistrationTest - Validating expected message...
16:33:59.835 [main] INFO  testCases.TC_001_AccountRegistrationTest - Test passed..
16:33:59.837 [main] DEBUG testCases.TC_001_AccountRegistrationTest - application ends...
16:33:59.837 [main] INFO  testCases.TC_001_AccountRegistrationTest - *****finished TC_001_AccountRegistrationTest  *****
16:34:01.406 [main] INFO  testCases.TC_002_LoginTest - ****Starting TC_002_LoginTest ****
16:34:01.406 [main] DEBUG testCases.TC_002_LoginTest - capturing application debug logs...
16:34:01.789 [main] INFO  testCases.TC_002_LoginTest - clicked on myaccount link on the home page..
16:34:02.093 [main] INFO  testCases.TC_002_LoginTest - clicked on login link under myaccount..
16:34:02.095 [main] INFO  testCases.TC_002_LoginTest - Entering valid email and password...
16:34:02.471 [main] INFO  testCases.TC_002_LoginTest - Click on login button...
16:34:02.532 [main] INFO  testCases.TC_002_LoginTest - Login test passed..
16:34:02.532 [main] INFO  testCases.TC_002_LoginTest - ***Finished TC_002_LoginTest***
16:34:04.211 [main] INFO  testCases.TC_004_SearchProductTest -  Starting TC_004_SearchProductTest 
16:34:05.010 [main] INFO  testCases.TC_004_SearchProductTest -  Finished TC_004_SearchProductTest 
16:34:06.393 [main] INFO  testCases.TC_005_AddToCartPageTest -  Starting TC_005_AddToCartPageTest 
16:34:07.718 [main] INFO  testCases.TC_005_AddToCartPageTest -  Finished TC_004_SearchProductTest 
06:16:49.625 [main] DEBUG org.testng.TestNG - suiteXmlPath: "C:\Users\lkace\PavanJavaCourse\opencart\mastersuite.xml"
06:16:49.874 [main] INFO  org.testng.internal.Utils - [TestNG] Running:
  C:\Users\lkace\PavanJavaCourse\opencart\mastersuite.xml

06:16:54.615 [main] INFO  testCases.TC_001_AccountRegistrationTest - *****starting TC_001_AccountRegistrationTest  *****
06:16:54.617 [main] DEBUG testCases.TC_001_AccountRegistrationTest - application logs...
06:16:54.964 [main] INFO  testCases.TC_001_AccountRegistrationTest - Clicked on MyAccount link
06:16:55.416 [main] INFO  testCases.TC_001_AccountRegistrationTest - Clicked on registartion link
06:16:55.416 [main] INFO  testCases.TC_001_AccountRegistrationTest - Entering customer details..
06:16:58.257 [main] INFO  testCases.TC_001_AccountRegistrationTest - Clicked on continue
06:16:58.282 [main] INFO  testCases.TC_001_AccountRegistrationTest - Validating expected message...
06:16:58.282 [main] INFO  testCases.TC_001_AccountRegistrationTest - Test passed..
06:16:58.285 [main] DEBUG testCases.TC_001_AccountRegistrationTest - application ends...
06:16:58.285 [main] INFO  testCases.TC_001_AccountRegistrationTest - *****finished TC_001_AccountRegistrationTest  *****
06:16:59.840 [main] INFO  testCases.TC_002_LoginTest - ****Starting TC_002_LoginTest ****
06:16:59.840 [main] DEBUG testCases.TC_002_LoginTest - capturing application debug logs...
06:17:00.192 [main] INFO  testCases.TC_002_LoginTest - clicked on myaccount link on the home page..
06:17:00.493 [main] INFO  testCases.TC_002_LoginTest - clicked on login link under myaccount..
06:17:00.502 [main] INFO  testCases.TC_002_LoginTest - Entering valid email and password...
06:17:00.936 [main] INFO  testCases.TC_002_LoginTest - Click on login button...
06:17:00.961 [main] INFO  testCases.TC_002_LoginTest - Login test passed..
06:17:00.961 [main] INFO  testCases.TC_002_LoginTest - ***Finished TC_002_LoginTest***
