09:12:39.848 [main] DEBUG testCases.TC_001_AccountRegistrationTest - application ends...
09:12:39.851 [main] INFO  testCases.TC_001_AccountRegistrationTest - *****finished TC_001_AccountRegistrationTest  *****
09:12:41.239 [main] INFO  testCases.TC_002_LoginTest - ****Starting TC_002_LoginTest ****
09:12:41.239 [main] DEBUG testCases.TC_002_LoginTest - capturing application debug logs...
09:12:41.292 [main] INFO  testCases.TC_002_LoginTest - clicked on myaccount link on the home page..
09:12:41.540 [main] INFO  testCases.TC_002_LoginTest - clicked on login link under myaccount..
09:12:41.543 [main] INFO  testCases.TC_002_LoginTest - Entering valid email and password...
09:12:41.965 [main] INFO  testCases.TC_002_LoginTest - Click on login button...
09:12:52.005 [main] ERROR testCases.TC_002_LoginTest - Login test failed
09:20:59.427 [main] DEBUG org.testng.TestNG - suiteXmlPath: "C:\Users\lkace\PavanJavaCourse\opencart\final.xml"
09:20:59.619 [main] INFO  org.testng.internal.Utils - [TestNG] Running:
  C:\Users\lkace\PavanJavaCourse\opencart\final.xml

09:21:01.745 [main] INFO  testCases.TC_001_AccountRegistrationTest - *****starting TC_001_AccountRegistrationTest  *****
09:21:01.745 [main] DEBUG testCases.TC_001_AccountRegistrationTest - application logs...
09:21:02.070 [main] INFO  testCases.TC_001_AccountRegistrationTest - Clicked on MyAccount link
09:21:02.381 [main] INFO  testCases.TC_001_AccountRegistrationTest - Clicked on registartion link
09:21:02.382 [main] INFO  testCases.TC_001_AccountRegistrationTest - Entering customer details..
09:21:05.188 [main] INFO  testCases.TC_001_AccountRegistrationTest - Clicked on continue
09:21:05.213 [main] INFO  testCases.TC_001_AccountRegistrationTest - Validating expected message...
09:21:05.214 [main] INFO  testCases.TC_001_AccountRegistrationTest - Test passed..
09:21:05.215 [main] DEBUG testCases.TC_001_AccountRegistrationTest - application ends...
09:21:05.215 [main] INFO  testCases.TC_001_AccountRegistrationTest - *****finished TC_001_AccountRegistrationTest  *****
09:21:06.585 [main] INFO  testCases.TC_002_LoginTest - ****Starting TC_002_LoginTest ****
09:21:06.585 [main] DEBUG testCases.TC_002_LoginTest - capturing application debug logs...
09:21:06.904 [main] INFO  testCases.TC_002_LoginTest - clicked on myaccount link on the home page..
09:21:07.195 [main] INFO  testCases.TC_002_LoginTest - clicked on login link under myaccount..
09:21:07.197 [main] INFO  testCases.TC_002_LoginTest - Entering valid email and password...
09:21:07.613 [main] INFO  testCases.TC_002_LoginTest - Click on login button...
09:21:17.668 [main] ERROR testCases.TC_002_LoginTest - Login test failed
06:41:44.369 [main] DEBUG org.testng.TestNG - suiteXmlPath: "C:\Users\lkace\PavanJavaCourse\opencart\final.xml"
06:41:44.370 [main] DEBUG org.testng.TestNG - suiteXmlPath: "C:\Users\lkace\PavanJavaCourse\opencart\final.xml"
06:41:52.505 [main] INFO  testCases.TC_001_AccountRegistrationTest - *****starting TC_001_AccountRegistrationTest  *****
06:41:52.505 [main] DEBUG testCases.TC_001_AccountRegistrationTest - application logs...
06:41:52.506 [main] INFO  testCases.TC_001_AccountRegistrationTest - *****starting TC_001_AccountRegistrationTest  *****
06:41:52.506 [main] DEBUG testCases.TC_001_AccountRegistrationTest - application logs...
06:42:02.563 [main] ERROR testCases.TC_001_AccountRegistrationTest - test failed..
06:42:02.563 [main] DEBUG testCases.TC_001_AccountRegistrationTest - debug logs...
06:42:02.593 [main] ERROR testCases.TC_001_AccountRegistrationTest - test failed..
06:42:02.593 [main] DEBUG testCases.TC_001_AccountRegistrationTest - debug logs...
06:42:08.220 [main] INFO  testCases.TC_002_LoginTest - ****Starting TC_002_LoginTest ****
06:42:08.220 [main] DEBUG testCases.TC_002_LoginTest - capturing application debug logs...
06:42:08.280 [main] INFO  testCases.TC_002_LoginTest - ****Starting TC_002_LoginTest ****
06:42:08.280 [main] DEBUG testCases.TC_002_LoginTest - capturing application debug logs...
06:43:43.520 [main] DEBUG org.testng.TestNG - suiteXmlPath: "C:\Users\lkace\PavanJavaCourse\opencart\final.xml"
06:46:06.413 [main] DEBUG org.testng.TestNG - suiteXmlPath: "C:\Users\lkace\PavanJavaCourse\opencart\final.xml"
06:48:06.655 [main] DEBUG org.testng.TestNG - suiteXmlPath: "C:\Users\lkace\PavanJavaCourse\opencart\final.xml"
06:48:51.284 [main] DEBUG org.testng.TestNG - suiteXmlPath: "C:\Users\lkace\PavanJavaCourse\opencart\final.xml"
06:50:52.336 [main] DEBUG org.testng.TestNG - suiteXmlPath: "C:\Users\lkace\PavanJavaCourse\opencart\final.xml"
06:52:58.539 [main] DEBUG org.testng.TestNG - suiteXmlPath: "C:\Users\lkace\PavanJavaCourse\opencart\final.xml"
06:54:29.121 [main] DEBUG org.testng.TestNG - suiteXmlPath: "C:\Users\lkace\PavanJavaCourse\opencart\final.xml"
06:55:19.174 [main] INFO  testCases.TC_001_AccountRegistrationTest - *****starting TC_001_AccountRegistrationTest  *****
06:55:19.174 [main] DEBUG testCases.TC_001_AccountRegistrationTest - application logs...
